<?xml version="1.0" encoding="UTF-8"?>
<!-- Generated by org.testng.reporters.JUnitReportReporter -->
<testsuite hostname="arun-asus" failures="0" tests="1" name="test.TC_009_EndLogout" time="23.252" errors="0" timestamp="2024-12-17T13:23:01 IST" skipped="0">
  <testcase classname="test.TC_009_EndLogout" name="endLogoutTest" time="23.252"/>
  <system-out/>
</testsuite> <!-- test.TC_009_EndLogout -->
