<?xml version="1.0" encoding="UTF-8"?>
<!-- Generated by org.testng.reporters.JUnitReportReporter -->
<testsuite hostname="arun-asus" failures="0" tests="1" name="test.TC_007_BookedItineraryTest" time="26.916" errors="0" timestamp="2024-12-03T20:18:01 IST" skipped="0">
  <testcase classname="test.TC_007_BookedItineraryTest" name="bookedItineraryTest" time="26.916"/>
  <system-out/>
</testsuite> <!-- test.TC_007_BookedItineraryTest -->
