<?xml version="1.0" encoding="UTF-8"?>
<!-- Generated by org.testng.reporters.JUnitReportReporter -->
<testsuite hostname="arun-asus" failures="0" tests="1" name="test.TC_007_BookedItinerary" time="31.355" errors="0" timestamp="2024-12-17T13:23:01 IST" skipped="0">
  <testcase classname="test.TC_007_BookedItinerary" name="bookedItineraryTest" time="31.355"/>
  <system-out/>
</testsuite> <!-- test.TC_007_BookedItinerary -->
