<?xml version="1.0" encoding="UTF-8"?>
<!-- Generated by org.testng.reporters.JUnitReportReporter -->
<testsuite hostname="arun-asus" failures="0" tests="1" name="test.TC_004_SelectHotel" time="12.612" errors="0" timestamp="2024-12-17T13:23:01 IST" skipped="0">
  <testcase classname="test.TC_004_SelectHotel" name="selectHotelTest" time="12.612"/>
  <system-out/>
</testsuite> <!-- test.TC_004_SelectHotel -->
