<?xml version="1.0" encoding="UTF-8"?>
<!-- Generated by org.testng.reporters.JUnitReportReporter -->
<testsuite hostname="arun-asus" failures="0" tests="5" name="test.TC_003_SearchHotel" time="56.937" errors="0" timestamp="2024-12-17T13:23:01 IST" skipped="0">
  <testcase classname="test.TC_003_SearchHotel" name="searchHotelTest" time="12.299"/>
  <system-out/>
  <testcase classname="test.TC_003_SearchHotel" name="searchHotelTest" time="11.565"/>
  <system-out/>
  <testcase classname="test.TC_003_SearchHotel" name="searchHotelTest" time="11.070"/>
  <system-out/>
  <testcase classname="test.TC_003_SearchHotel" name="searchHotelTest" time="10.610"/>
  <system-out/>
  <testcase classname="test.TC_003_SearchHotel" name="searchHotelTest" time="11.393"/>
  <system-out/>
</testsuite> <!-- test.TC_003_SearchHotel -->
